<?xml version="1.0" encoding="UTF-8"?>
<!-- Generated by org.testng.reporters.JUnitReportReporter -->
<testsuite hostname="DESKTOP-MM72A1T" failures="0" tests="1" name="com.hybridFrameWork.runner.PageOpen" time="10.731" errors="0" timestamp="2021-09-02T11:06:44 IST" skipped="0">
  <testcase classname="com.hybridFrameWork.runner.PageOpen" name="pageNavigation" time="10.731"/>
  <system-out/>
</testsuite> <!-- com.hybridFrameWork.runner.PageOpen -->
